生成启动时间为 6/27/2014 3:48:58 PM。
     1>项目“G:\学习\C++学习\TimeOver\TimeOver\TimeOver.vcxproj”在节点 2 上(rebuild 个目标)。
     1>_PrepareForClean:
         正在删除文件“Debug\TimeOver.lastbuildstate”。
       InitializeBuildStatus:
         正在创建“Debug\TimeOver.unsuccessfulbuild”，因为已指定“AlwaysCreate”。
       ClCompile:
         g:\ProgrammingSoftware\vs2010\VC\bin\CL.exe /c /ZI /nologo /W3 /WX- /Od /Oy- /D _MBCS /Gm /EHsc /RTC1 /MDd /GS /fp:precise /Zc:wchar_t /Zc:forScope /Fo"Debug\\" /Fd"Debug\vc100.pdb" /Gd /TP /analyze- /errorReport:prompt main.cpp
         main.cpp
     1>g:\学习\c++学习\timeover\timeover\main.cpp(108): warning C4805: “==”: 在操作中将类型“WPARAM”与类型“bool”混合不安全
     1>g:\学习\c++学习\timeover\timeover\main.cpp(112): warning C4996: 'sprintf': This function or variable may be unsafe. Consider using sprintf_s instead. To disable deprecation, use _CRT_SECURE_NO_WARNINGS. See online help for details.
                 g:\programmingsoftware\vs2010\vc\include\stdio.h(371) : 参见“sprintf”的声明
     1>g:\学习\c++学习\timeover\timeover\main.cpp(153): warning C4996: 'sprintf': This function or variable may be unsafe. Consider using sprintf_s instead. To disable deprecation, use _CRT_SECURE_NO_WARNINGS. See online help for details.
                 g:\programmingsoftware\vs2010\vc\include\stdio.h(371) : 参见“sprintf”的声明
     1>g:\学习\c++学习\timeover\timeover\main.cpp(321): warning C4996: 'fopen': This function or variable may be unsafe. Consider using fopen_s instead. To disable deprecation, use _CRT_SECURE_NO_WARNINGS. See online help for details.
                 g:\programmingsoftware\vs2010\vc\include\stdio.h(234) : 参见“fopen”的声明
     1>g:\学习\c++学习\timeover\timeover\main.cpp(324): warning C4996: 'fopen': This function or variable may be unsafe. Consider using fopen_s instead. To disable deprecation, use _CRT_SECURE_NO_WARNINGS. See online help for details.
                 g:\programmingsoftware\vs2010\vc\include\stdio.h(234) : 参见“fopen”的声明
     1>g:\学习\c++学习\timeover\timeover\main.cpp(328): warning C4996: 'fopen': This function or variable may be unsafe. Consider using fopen_s instead. To disable deprecation, use _CRT_SECURE_NO_WARNINGS. See online help for details.
                 g:\programmingsoftware\vs2010\vc\include\stdio.h(234) : 参见“fopen”的声明
     1>g:\学习\c++学习\timeover\timeover\main.cpp(330): warning C4996: 'fscanf': This function or variable may be unsafe. Consider using fscanf_s instead. To disable deprecation, use _CRT_SECURE_NO_WARNINGS. See online help for details.
                 g:\programmingsoftware\vs2010\vc\include\stdio.h(253) : 参见“fscanf”的声明
       Link:
         g:\ProgrammingSoftware\vs2010\VC\bin\link.exe /ERRORREPORT:PROMPT /OUT:"G:\学习\C++学习\TimeOver\Debug\TimeOver.exe" /NOLOGO kernel32.lib user32.lib gdi32.lib winspool.lib comdlg32.lib advapi32.lib shell32.lib ole32.lib oleaut32.lib uuid.lib odbc32.lib odbccp32.lib /MANIFEST /ManifestFile:"Debug\TimeOver.exe.intermediate.manifest" /MANIFESTUAC:"level='asInvoker' uiAccess='false'" /DEBUG /PDB:"G:\学习\C++学习\TimeOver\Debug\TimeOver.pdb" /TLBID:1 /DYNAMICBASE /NXCOMPAT /IMPLIB:"G:\学习\C++学习\TimeOver\Debug\TimeOver.lib" /MACHINE:X86 Debug\main.obj
         TimeOver.vcxproj -> G:\学习\C++学习\TimeOver\Debug\TimeOver.exe
       Manifest:
         C:\Program Files (x86)\Microsoft SDKs\Windows\v7.0A\bin\mt.exe /nologo /verbose /outputresource:"G:\学习\C++学习\TimeOver\Debug\TimeOver.exe;#1" /manifest Debug\TimeOver.exe.intermediate.manifest
       FinalizeBuildStatus:
         正在删除文件“Debug\TimeOver.unsuccessfulbuild”。
         正在对“Debug\TimeOver.lastbuildstate”执行 Touch 任务。
     1>已完成生成项目“G:\学习\C++学习\TimeOver\TimeOver\TimeOver.vcxproj”(rebuild 个目标)的操作。

生成成功。

已用时间 00:00:01.64
